#
# There is insufficient memory for the Java Runtime Environment to continue.
# Native memory allocation (mmap) failed to map 199229440 bytes for G1 virtual space
# Possible reasons:
#   The system is out of physical RAM or swap space
#   The process is running with CompressedOops enabled, and the Java Heap may be blocking the growth of the native heap
# Possible solutions:
#   Reduce memory load on the system
#   Increase physical memory or swap space
#   Check if swap backing store is full
#   Decrease Java heap size (-Xmx/-Xms)
#   Decrease number of Java threads
#   Decrease Java thread stack sizes (-Xss)
#   Set larger code cache with -XX:ReservedCodeCacheSize=
#   JVM is running with Zero Based Compressed Oops mode in which the Java heap is
#     placed in the first 32GB address space. The Java Heap base address is the
#     maximum limit for the native heap growth. Please use -XX:HeapBaseMinAddress
#     to set the Java Heap base and to place the Java Heap above 32GB virtual address.
# This output file may be truncated or incomplete.
#
#  Out of Memory Error (os_windows.cpp:3550), pid=51488, tid=40704
#
# JRE version:  (17.0.7+8) (build )
# Java VM: Java HotSpot(TM) 64-Bit Server VM (17.0.7+8-LTS-224, mixed mode, sharing, tiered, compressed oops, compressed class ptrs, g1 gc, windows-amd64)
# No core dump will be written. Minidumps are not enabled by default on client versions of Windows
#

---------------  S U M M A R Y ------------

Command Line: -Dfile.encoding=UTF-8 -Dstdout.encoding=UTF-8 -Dstderr.encoding=UTF-8 -XX:+ShowCodeDetailsInExceptionMessages SelWithJava.MultilistboxNew

Host: Intel(R) Core(TM) i5-1035G1 CPU @ 1.00GHz, 8 cores, 11G,  Windows 11 , 64 bit Build 22621 (10.0.22621.2506)
Time: Wed Jan  3 10:51:04 2024 Eastern Standard Time elapsed time: 0.013885 seconds (0d 0h 0m 0s)

---------------  T H R E A D  ---------------

Current thread (0x0000013fcf1a8c40):  JavaThread "Unknown thread" [_thread_in_vm, id=40704, stack(0x0000002bc7200000,0x0000002bc7300000)]

Stack: [0x0000002bc7200000,0x0000002bc7300000]
Native frames: (J=compiled Java code, j=interpreted, Vv=VM code, C=native code)
V  [jvm.dll+0x676a4a]
V  [jvm.dll+0x7d74f4]
V  [jvm.dll+0x7d8c9e]
V  [jvm.dll+0x7d9303]
V  [jvm.dll+0x2452c5]
V  [jvm.dll+0x6738f9]
V  [jvm.dll+0x668232]
V  [jvm.dll+0x302826]
V  [jvm.dll+0x309da6]
V  [jvm.dll+0x35952e]
V  [jvm.dll+0x35975f]
V  [jvm.dll+0x2d9a38]
V  [jvm.dll+0x2da9a4]
V  [jvm.dll+0x7a8fb1]
V  [jvm.dll+0x3670e1]
V  [jvm.dll+0x788359]
V  [jvm.dll+0x3ea5ef]
V  [jvm.dll+0x3ec071]
C  [jli.dll+0x5297]
C  [ucrtbase.dll+0x29363]
C  [KERNEL32.DLL+0x1257d]
C  [ntdll.dll+0x5aa58]


---------------  P R O C E S S  ---------------

Threads class SMR info:
_java_thread_list=0x00007ffd72ca4998, length=0, elements={
}

Java Threads: ( => current thread )

Other Threads:
  0x0000013fcf200b20 GCTaskThread "GC Thread#0" [stack: 0x0000002bc7300000,0x0000002bc7400000] [id=28932]
  0x0000013fcf20de50 ConcurrentGCThread "G1 Main Marker" [stack: 0x0000002bc7400000,0x0000002bc7500000] [id=50588]
  0x0000013fcf20e860 ConcurrentGCThread "G1 Conc#0" [stack: 0x0000002bc7500000,0x0000002bc7600000] [id=34436]

[error occurred during error reporting (printing all threads), id 0xc0000005, EXCEPTION_ACCESS_VIOLATION (0xc0000005) at pc=0x00007ffd724da697]

VM state: not at safepoint (not fully initialized)

VM Mutex/Monitor currently owned by a thread:  ([mutex/lock_event])
[0x0000013fcf1a3d10] Heap_lock - owner thread: 0x0000013fcf1a8c40

Heap address: 0x0000000743a00000, size: 3014 MB, Compressed Oops mode: Zero based, Oop shift amount: 3

CDS archive(s) mapped at: [0x0000000000000000-0x0000000000000000-0x0000000000000000), size 0, SharedBaseAddress: 0x0000000800000000, ArchiveRelocationMode: 0.
Narrow klass base: 0x0000000000000000, Narrow klass shift: 0, Narrow klass range: 0x0

GC Precious Log:
<Empty>

Heap:
 garbage-first heap   total 0K, used 0K [0x0000000743a00000, 0x0000000800000000)
  region size 2048K, 0 young (0K), 0 survivors (0K)

[error occurred during error reporting (printing heap information), id 0xc0000005, EXCEPTION_ACCESS_VIOLATION (0xc0000005) at pc=0x00007ffd728c00b9]

GC Heap History (0 events):
No events

Deoptimization events (0 events):
No events

Classes unloaded (0 events):
No events

Classes redefined (0 events):
No events

Internal exceptions (0 events):
No events

VM Operations (0 events):
No events

Events (1 events):
Event: 0.008 Loaded shared library C:\Program Files\Java\jdk-17\bin\java.dll


Dynamic libraries:
0x00007ff666180000 - 0x00007ff666190000 	C:\Program Files\Java\jdk-17\bin\javaw.exe
0x00007ffe067b0000 - 0x00007ffe069c7000 	C:\WINDOWS\SYSTEM32\ntdll.dll
0x00007ffe04eb0000 - 0x00007ffe04f74000 	C:\WINDOWS\System32\KERNEL32.DLL
0x00007ffe03b20000 - 0x00007ffe03ec5000 	C:\WINDOWS\System32\KERNELBASE.dll
0x00007ffe03f00000 - 0x00007ffe04011000 	C:\WINDOWS\System32\ucrtbase.dll
0x00007ffdfd1a0000 - 0x00007ffdfd1bb000 	C:\Program Files\Java\jdk-17\bin\VCRUNTIME140.dll
0x00007ffdfecb0000 - 0x00007ffdfecc9000 	C:\Program Files\Java\jdk-17\bin\jli.dll
0x00007ffe05490000 - 0x00007ffe05541000 	C:\WINDOWS\System32\ADVAPI32.dll
0x00007ffe066c0000 - 0x00007ffe06767000 	C:\WINDOWS\System32\msvcrt.dll
0x00007ffe057b0000 - 0x00007ffe05856000 	C:\WINDOWS\System32\sechost.dll
0x00007ffe04d50000 - 0x00007ffe04e67000 	C:\WINDOWS\System32\RPCRT4.dll
0x00007ffe04ba0000 - 0x00007ffe04d4e000 	C:\WINDOWS\System32\USER32.dll
0x00007ffdde6b0000 - 0x00007ffdde943000 	C:\WINDOWS\WinSxS\amd64_microsoft.windows.common-controls_6595b64144ccf1df_6.0.22621.2506_none_270c5ae97388e100\COMCTL32.dll
0x00007ffe03ed0000 - 0x00007ffe03ef6000 	C:\WINDOWS\System32\win32u.dll
0x00007ffe05460000 - 0x00007ffe05489000 	C:\WINDOWS\System32\GDI32.dll
0x00007ffe04200000 - 0x00007ffe04319000 	C:\WINDOWS\System32\gdi32full.dll
0x00007ffe04320000 - 0x00007ffe043ba000 	C:\WINDOWS\System32\msvcp_win.dll
0x00007ffdf7cf0000 - 0x00007ffdf7cfa000 	C:\WINDOWS\SYSTEM32\VERSION.dll
0x00007ffe04e70000 - 0x00007ffe04ea1000 	C:\WINDOWS\System32\IMM32.DLL
0x00007ffe00a10000 - 0x00007ffe00a1c000 	C:\Program Files\Java\jdk-17\bin\vcruntime140_1.dll
0x00007ffdceba0000 - 0x00007ffdcec2e000 	C:\Program Files\Java\jdk-17\bin\msvcp140.dll
0x00007ffd721f0000 - 0x00007ffd72dcd000 	C:\Program Files\Java\jdk-17\bin\server\jvm.dll
0x00007ffe06630000 - 0x00007ffe06638000 	C:\WINDOWS\System32\PSAPI.DLL
0x00007ffe009a0000 - 0x00007ffe009a9000 	C:\WINDOWS\SYSTEM32\WSOCK32.dll
0x00007ffe053e0000 - 0x00007ffe05451000 	C:\WINDOWS\System32\WS2_32.dll
0x00007ffdf8760000 - 0x00007ffdf8794000 	C:\WINDOWS\SYSTEM32\WINMM.dll
0x00007ffe02bb0000 - 0x00007ffe02bc8000 	C:\WINDOWS\SYSTEM32\kernel.appcore.dll
0x00007ffdfee10000 - 0x00007ffdfee1a000 	C:\Program Files\Java\jdk-17\bin\jimage.dll
0x00007ffe01540000 - 0x00007ffe01773000 	C:\WINDOWS\SYSTEM32\DBGHELP.DLL
0x00007ffe04810000 - 0x00007ffe04b99000 	C:\WINDOWS\System32\combase.dll
0x00007ffe05250000 - 0x00007ffe05327000 	C:\WINDOWS\System32\OLEAUT32.dll
0x00007ffdde9f0000 - 0x00007ffddea22000 	C:\WINDOWS\SYSTEM32\dbgcore.DLL
0x00007ffe043c0000 - 0x00007ffe0443a000 	C:\WINDOWS\System32\bcryptPrimitives.dll
0x00007ffdf7200000 - 0x00007ffdf7225000 	C:\Program Files\Java\jdk-17\bin\java.dll

dbghelp: loaded successfully - version: 4.0.5 - missing functions: none
symbol engine: initialized successfully - sym options: 0x614 - pdb path: .;C:\Program Files\Java\jdk-17\bin;C:\WINDOWS\SYSTEM32;C:\WINDOWS\WinSxS\amd64_microsoft.windows.common-controls_6595b64144ccf1df_6.0.22621.2506_none_270c5ae97388e100;C:\Program Files\Java\jdk-17\bin\server

VM Arguments:
jvm_args: -Dfile.encoding=UTF-8 -Dstdout.encoding=UTF-8 -Dstderr.encoding=UTF-8 -XX:+ShowCodeDetailsInExceptionMessages 
java_command: SelWithJava.MultilistboxNew
java_class_path (initial): C:\Users\malay\eclipse-workspace\Selenium\Sel@practice\workspace\Java_practice\bin;C:\Users\malay\eclipse-workspace\selenium-server-4.16.1.jar
Launcher Type: SUN_STANDARD

[Global flags]
     intx CICompilerCount                          = 4                                         {product} {ergonomic}
     uint ConcGCThreads                            = 2                                         {product} {ergonomic}
     uint G1ConcRefinementThreads                  = 8                                         {product} {ergonomic}
   size_t G1HeapRegionSize                         = 2097152                                   {product} {ergonomic}
    uintx GCDrainStackTargetSize                   = 64                                        {product} {ergonomic}
   size_t InitialHeapSize                          = 199229440                                 {product} {ergonomic}
   size_t MarkStackSize                            = 4194304                                   {product} {ergonomic}
   size_t MaxHeapSize                              = 3160408064                                {product} {ergonomic}
   size_t MinHeapDeltaBytes                        = 2097152                                   {product} {ergonomic}
   size_t MinHeapSize                              = 8388608                                   {product} {ergonomic}
    uintx NonNMethodCodeHeapSize                   = 5839372                                {pd product} {ergonomic}
    uintx NonProfiledCodeHeapSize                  = 122909434                              {pd product} {ergonomic}
    uintx ProfiledCodeHeapSize                     = 122909434                              {pd product} {ergonomic}
    uintx ReservedCodeCacheSize                    = 251658240                              {pd product} {ergonomic}
     bool SegmentedCodeCache                       = true                                      {product} {ergonomic}
     bool ShowCodeDetailsInExceptionMessages       = true                                   {manageable} {command line}
   size_t SoftMaxHeapSize                          = 3160408064                             {manageable} {ergonomic}
     bool UseCompressedClassPointers               = true                           {product lp64_product} {ergonomic}
     bool UseCompressedOops                        = true                           {product lp64_product} {ergonomic}
     bool UseG1GC                                  = true                                      {product} {ergonomic}
     bool UseLargePagesIndividualAllocation        = false                                  {pd product} {ergonomic}

Logging:
Log output configuration:
 #0: stdout all=warning uptime,level,tags
 #1: stderr all=off uptime,level,tags

Environment Variables:
PATH=C:\Program Files\Common Files\Oracle\Java\javapath;C:\windows\system32;C:\windows;C:\windows\System32\Wbem;C:\windows\System32\WindowsPowerShell\v1.0\;C:\windows\System32\OpenSSH\;C:\Program Files (x86)\NVIDIA Corporation\PhysX\Common;C:\Program Files\NVIDIA Corporation\NVIDIA NvDLISR;C:\WINDOWS\system32;C:\WINDOWS;C:\WINDOWS\System32\Wbem;C:\WINDOWS\System32\WindowsPowerShell\v1.0\;C:\WINDOWS\System32\OpenSSH\;C:\Users\malay\AppData\Local\Microsoft\WindowsApps;
USERNAME=malay
OS=Windows_NT
PROCESSOR_IDENTIFIER=Intel64 Family 6 Model 126 Stepping 5, GenuineIntel



---------------  S Y S T E M  ---------------

OS:
 Windows 11 , 64 bit Build 22621 (10.0.22621.2506)
OS uptime: 22 days 1:36 hours

CPU: total 8 (initial active 8) (4 cores per cpu, 2 threads per core) family 6 model 126 stepping 5 microcode 0xa6, cx8, cmov, fxsr, ht, mmx, 3dnowpref, sse, sse2, sse3, ssse3, sse4.1, sse4.2, popcnt, lzcnt, tsc, tscinvbit, avx, avx2, aes, erms, clmul, bmi1, bmi2, adx, avx512f, avx512dq, avx512cd, avx512bw, avx512vl, sha, fma, vzeroupper, avx512_vpopcntdq, avx512_vpclmulqdq, avx512_vaes, avx512_vnni, clflush, clflushopt, avx512_vbmi2, avx512_vbmi

Memory: 4k page, system-wide physical 12054M (389M free)
TotalPageFile size 42428M (AvailPageFile size 55M)
current process WorkingSet (physical memory assigned to process): 11M, peak: 11M
current process commit charge ("private bytes"): 60M, peak: 250M

vm_info: Java HotSpot(TM) 64-Bit Server VM (17.0.7+8-LTS-224) for windows-amd64 JRE (17.0.7+8-LTS-224), built on Feb 28 2023 23:03:02 by "mach5one" with MS VC++ 17.1 (VS2022)

END.
